<?xml version="1.0" encoding="UTF-8"?>
<!-- Generated by org.testng.reporters.JUnitReportReporter -->
<testsuite skipped="0" hostname="TML-MacBook-Pro.local" name="testCases.TripsTesting" tests="1" failures="0" timestamp="09 Dec 2019 19:51:05 GMT" time="24.592" errors="0">
  <testcase name="validateShortestDurationInDeutscheBahn" time="24.592" classname="testCases.TripsTesting"/>
</testsuite> <!-- testCases.TripsTesting -->
